<?xml version="1.0" encoding="UTF-8"?>
<!-- Generated by org.testng.reporters.JUnitReportReporter -->
<testsuite hostname="Stefan-PC" failures="0" tests="1" name="rs.htec.apps.sandbox_qa.PositiveLoginTest" time="9.801" errors="0" timestamp="26 jan 2020 21:12:32 GMT" skipped="0">
  <testcase classname="rs.htec.apps.sandbox_qa.PositiveLoginTest" name="loginTest" time="9.801"/>
</testsuite> <!-- rs.htec.apps.sandbox_qa.PositiveLoginTest -->
